<?xml version="1.0" encoding="UTF-8"?>
<testsuite xmlns:xsi="http://www.w3.org/2001/XMLSchema-instance" xsi:noNamespaceSchemaLocation="https://maven.apache.org/surefire/maven-surefire-plugin/xsd/surefire-test-report-3.0.xsd" version="3.0" name="com.doub1e.UserServiceTest" time="0.043" tests="2" errors="0" skipped="0" failures="0">
  <properties>
    <property name="java.specification.version" value="21"/>
    <property name="sun.cpu.isalist" value="amd64"/>
    <property name="sun.jnu.encoding" value="GBK"/>
    <property name="java.class.path" value="C:\Code\IDEA-code\java-maven\maven-project01\target\test-classes;C:\Code\IDEA-code\java-maven\maven-project01\target\classes;C:\Environment\apache-maven-3.9.9\repo\commons-io\commons-io\2.14.0\commons-io-2.14.0.jar;C:\Environment\apache-maven-3.9.9\repo\ch\qos\logback\logback-classic\1.4.12\logback-classic-1.4.12.jar;C:\Environment\apache-maven-3.9.9\repo\ch\qos\logback\logback-core\1.4.12\logback-core-1.4.12.jar;C:\Environment\apache-maven-3.9.9\repo\org\slf4j\slf4j-api\2.0.7\slf4j-api-2.0.7.jar;C:\Environment\apache-maven-3.9.9\repo\org\junit\jupiter\junit-jupiter\5.10.2\junit-jupiter-5.10.2.jar;C:\Environment\apache-maven-3.9.9\repo\org\junit\jupiter\junit-jupiter-api\5.10.2\junit-jupiter-api-5.10.2.jar;C:\Environment\apache-maven-3.9.9\repo\org\opentest4j\opentest4j\1.3.0\opentest4j-1.3.0.jar;C:\Environment\apache-maven-3.9.9\repo\org\junit\platform\junit-platform-commons\1.10.2\junit-platform-commons-1.10.2.jar;C:\Environment\apache-maven-3.9.9\repo\org\apiguardian\apiguardian-api\1.1.2\apiguardian-api-1.1.2.jar;C:\Environment\apache-maven-3.9.9\repo\org\junit\jupiter\junit-jupiter-params\5.10.2\junit-jupiter-params-5.10.2.jar;C:\Environment\apache-maven-3.9.9\repo\org\junit\jupiter\junit-jupiter-engine\5.10.2\junit-jupiter-engine-5.10.2.jar;C:\Environment\apache-maven-3.9.9\repo\org\junit\platform\junit-platform-engine\1.10.2\junit-platform-engine-1.10.2.jar;"/>
    <property name="java.vm.vendor" value="Amazon.com Inc."/>
    <property name="sun.arch.data.model" value="64"/>
    <property name="user.variant" value=""/>
    <property name="java.vendor.url" value="https://aws.amazon.com/corretto/"/>
    <property name="user.timezone" value="Asia/Shanghai"/>
    <property name="os.name" value="Windows 11"/>
    <property name="java.vm.specification.version" value="21"/>
    <property name="sun.java.launcher" value="SUN_STANDARD"/>
    <property name="user.country" value="CN"/>
    <property name="sun.boot.library.path" value="C:\Users\34778\.jdks\corretto-21.0.6\bin"/>
    <property name="sun.java.command" value="C:\Users\34778\AppData\Local\Temp\surefire4586164538744481790\surefirebooter-20250312155823678_3.jar C:\Users\34778\AppData\Local\Temp\surefire4586164538744481790 2025-03-12T15-58-20_182-jvmRun1 surefire-20250312155823678_1tmp surefire_0-20250312155823678_2tmp"/>
    <property name="jdk.debug" value="release"/>
    <property name="surefire.test.class.path" value="C:\Code\IDEA-code\java-maven\maven-project01\target\test-classes;C:\Code\IDEA-code\java-maven\maven-project01\target\classes;C:\Environment\apache-maven-3.9.9\repo\commons-io\commons-io\2.14.0\commons-io-2.14.0.jar;C:\Environment\apache-maven-3.9.9\repo\ch\qos\logback\logback-classic\1.4.12\logback-classic-1.4.12.jar;C:\Environment\apache-maven-3.9.9\repo\ch\qos\logback\logback-core\1.4.12\logback-core-1.4.12.jar;C:\Environment\apache-maven-3.9.9\repo\org\slf4j\slf4j-api\2.0.7\slf4j-api-2.0.7.jar;C:\Environment\apache-maven-3.9.9\repo\org\junit\jupiter\junit-jupiter\5.10.2\junit-jupiter-5.10.2.jar;C:\Environment\apache-maven-3.9.9\repo\org\junit\jupiter\junit-jupiter-api\5.10.2\junit-jupiter-api-5.10.2.jar;C:\Environment\apache-maven-3.9.9\repo\org\opentest4j\opentest4j\1.3.0\opentest4j-1.3.0.jar;C:\Environment\apache-maven-3.9.9\repo\org\junit\platform\junit-platform-commons\1.10.2\junit-platform-commons-1.10.2.jar;C:\Environment\apache-maven-3.9.9\repo\org\apiguardian\apiguardian-api\1.1.2\apiguardian-api-1.1.2.jar;C:\Environment\apache-maven-3.9.9\repo\org\junit\jupiter\junit-jupiter-params\5.10.2\junit-jupiter-params-5.10.2.jar;C:\Environment\apache-maven-3.9.9\repo\org\junit\jupiter\junit-jupiter-engine\5.10.2\junit-jupiter-engine-5.10.2.jar;C:\Environment\apache-maven-3.9.9\repo\org\junit\platform\junit-platform-engine\1.10.2\junit-platform-engine-1.10.2.jar;"/>
    <property name="sun.cpu.endian" value="little"/>
    <property name="user.home" value="C:\Users\34778"/>
    <property name="user.language" value="zh"/>
    <property name="java.specification.vendor" value="Oracle Corporation"/>
    <property name="java.version.date" value="2025-01-21"/>
    <property name="java.home" value="C:\Users\34778\.jdks\corretto-21.0.6"/>
    <property name="file.separator" value="\"/>
    <property name="basedir" value="C:\Code\IDEA-code\java-maven\maven-project01"/>
    <property name="java.vm.compressedOopsMode" value="Zero based"/>
    <property name="line.separator" value="&#10;"/>
    <property name="java.vm.specification.vendor" value="Oracle Corporation"/>
    <property name="java.specification.name" value="Java Platform API Specification"/>
    <property name="surefire.real.class.path" value="C:\Users\34778\AppData\Local\Temp\surefire4586164538744481790\surefirebooter-20250312155823678_3.jar"/>
    <property name="user.script" value=""/>
    <property name="sun.management.compiler" value="HotSpot 64-Bit Tiered Compilers"/>
    <property name="java.runtime.version" value="21.0.6+7-LTS"/>
    <property name="user.name" value="Doub1e"/>
    <property name="stdout.encoding" value="GBK"/>
    <property name="path.separator" value=";"/>
    <property name="os.version" value="10.0"/>
    <property name="java.runtime.name" value="OpenJDK Runtime Environment"/>
    <property name="file.encoding" value="UTF-8"/>
    <property name="java.vm.name" value="OpenJDK 64-Bit Server VM"/>
    <property name="java.vendor.version" value="Corretto-21.0.6.7.1"/>
    <property name="localRepository" value="C:\Environment\apache-maven-3.9.9\repo"/>
    <property name="java.vendor.url.bug" value="https://github.com/corretto/corretto-21/issues/"/>
    <property name="java.io.tmpdir" value="C:\Users\34778\AppData\Local\Temp\"/>
    <property name="idea.version" value="2024.3.4.1"/>
    <property name="java.version" value="21.0.6"/>
    <property name="user.dir" value="C:\Code\IDEA-code\java-maven\maven-project01"/>
    <property name="os.arch" value="amd64"/>
    <property name="java.vm.specification.name" value="Java Virtual Machine Specification"/>
    <property name="sun.os.patch.level" value=""/>
    <property name="native.encoding" value="GBK"/>
    <property name="java.library.path" value="C:\Users\34778\.jdks\corretto-21.0.6\bin;C:\WINDOWS\Sun\Java\bin;C:\WINDOWS\system32;C:\WINDOWS;D:\anaconda\condabin;C:\Program Files\NVIDIA GPU Computing Toolkit\CUDA\v11.6\bin;C:\Program Files\NVIDIA GPU Computing Toolkit\CUDA\v11.6\libnvvp;C:\Program Files (x86)\Common Files\Oracle\Java\javapath;C:\Program Files\Common Files\Oracle\Java\javapath;C:\Vmware16pro\bin\;C:\Windows\system32;C:\Windows;C:\Windows\System32\Wbem;C:\Windows\System32\WindowsPowerShell\v1.0\;C:\Windows\System32\OpenSSH\;C:\Bandzip\Bandizip\;C:\工具软件\xshell\;C:\工具软件\xftp\;C:\Environment\nodejs\;C:\Program Files\MySQL\MySQL Server 8.0\bin;C:\Program Files\NVIDIA Corporation\Nsight Compute 2022.1.1\;C:\Program Files (x86)\NVIDIA Corporation\PhysX\Common;C:\Program Files\NVIDIA GPU Computing Toolkit\CUDA\v11.6;C:\Program Files\NVIDIA GPU Computing Toolkit\CUDA\v11.6\lib\x64;D:\anaconda;D:\anaconda\Scripts;D:\anaconda\Library\bin;D:\anaconda\Library\usr\bin;D:\anaconda\Library\mingw-w64\bin;D:\qimo\ffmpeg-2024-05-15-git-7b47099bc0-full_build\bin;C:\Git\Git\cmd;C:\Program Files\NVIDIA Corporation\NVIDIA app\NvDLISR;C:\Program Files\dotnet\;C:\WINDOWS\system32;C:\WINDOWS;C:\WINDOWS\System32\Wbem;C:\WINDOWS\System32\WindowsPowerShell\v1.0\;C:\WINDOWS\System32\OpenSSH\;%MAVEN_HOME%\bin;C:\Environment\Python\Scripts\;C:\Environment\Python\;C:\Program Files\MySQL\MySQL Shell 8.0\bin\;C:\Users\34778\AppData\Local\Microsoft\WindowsApps;C:\Jetbrain\VSCode\Microsoft VS Code\bin;C:\Jetbrain\IDEA\IntelliJ IDEA 2024.1.1\bin;;C:\Jetbrain\CLion\CLion 2024.1.1\bin;;C:\Program Files\JetBrains\PyCharm 2024.3.1.1\bin;;C:\Jetbrain\Dategrip\DataGrip 2024.1.2\bin;;C:\Users\34778\AppData\Roaming\npm;C:\Program Files\JetBrains\GoLand 2024.3.1\bin;;;C:\Users\34778\AppData\Local\Programs\Ollama;."/>
    <property name="java.vm.info" value="mixed mode, sharing"/>
    <property name="stderr.encoding" value="GBK"/>
    <property name="java.vendor" value="Amazon.com Inc."/>
    <property name="java.vm.version" value="21.0.6+7-LTS"/>
    <property name="sun.io.unicode.encoding" value="UnicodeLittle"/>
    <property name="java.class.version" value="65.0"/>
  </properties>
  <testcase name="testGetGender" classname="com.doub1e.UserServiceTest" time="0.017">
    <system-out><![CDATA[gender = male
]]></system-out>
  </testcase>
  <testcase name="testGetAge" classname="com.doub1e.UserServiceTest" time="0.007">
    <system-out><![CDATA[age = 24
]]></system-out>
  </testcase>
</testsuite>